-------------------------------------------------------------------------------
Test set: com.apitesting.CreateTest
-------------------------------------------------------------------------------
Tests run: 3, Failures: 1, Errors: 0, Skipped: 0, Time elapsed: 12.819 s <<< FAILURE! - in com.apitesting.CreateTest
createUserWithRequiredFieldsAndValidEmailFormat(com.apitesting.CreateTest)  Time elapsed: 0.588 s  <<< FAILURE!
java.lang.AssertionError: 
1 expectation failed.
Expected status code <200> but was <400>.

	at com.apitesting.CreateTest.createUserWithRequiredFieldsAndValidEmailFormat(CreateTest.java:55)

