<?xml version="1.0" encoding="UTF-8"?>
<testsuite xmlns:xsi="http://www.w3.org/2001/XMLSchema-instance" xsi:noNamespaceSchemaLocation="https://maven.apache.org/surefire/maven-surefire-plugin/xsd/surefire-test-report.xsd" name="com.apitesting.GetTest" time="1.995" tests="5" errors="0" skipped="0" failures="0">
  <properties>
[...]
</properties>
  <testcase name="getValidUserIdInvalidAppId" classname="com.apitesting.GetTest" time="0.332"/>
  <testcase name="getValidUserIdValidAppId" classname="com.apitesting.GetTest" time="0.772"/>
  <testcase name="getInvalidUserIdValidAppId" classname="com.apitesting.GetTest" time="0.116"/>
  <testcase name="getInvalidUserIdFormatValidAppId" classname="com.apitesting.GetTest" time="0.354"/>
  <testcase name="getValidUserIdNoAppId" classname="com.apitesting.GetTest" time="0.419"/>
</testsuite>