<?xml version="1.0" encoding="UTF-8"?>
<testsuite xmlns:xsi="http://www.w3.org/2001/XMLSchema-instance" xsi:noNamespaceSchemaLocation="https://maven.apache.org/surefire/maven-surefire-plugin/xsd/surefire-test-report.xsd" name="com.apitesting.DeleteTest" time="4.058" tests="5" errors="0" skipped="0" failures="0">
  <properties>
[...]
</properties>
  <testcase name="deleteInvalidUserIdInvalidAppId" classname="com.apitesting.DeleteTest" time="2.465"/>
  <testcase name="deleteInvalidUserIdFormatValidAppId" classname="com.apitesting.DeleteTest" time="0.376"/>
  <testcase name="deleteInvalidUserIdNoAppId" classname="com.apitesting.DeleteTest" time="0.486"/>
  <testcase name="deleteInvalidUserIdValidAppId" classname="com.apitesting.DeleteTest" time="0.37"/>
  <testcase name="deleteValidUserIdNoAppId" classname="com.apitesting.DeleteTest" time="0.332"/>
</testsuite>