<?xml version="1.0" encoding="UTF-8"?>
<testsuite xmlns:xsi="http://www.w3.org/2001/XMLSchema-instance" xsi:noNamespaceSchemaLocation="https://maven.apache.org/surefire/maven-surefire-plugin/xsd/surefire-test-report.xsd" name="com.apitesting.CreateTest" time="14.542" tests="6" errors="0" skipped="0" failures="1">
  <properties>
[...]
</properties>
  <testcase name="createUserWithInvalidAppId" classname="com.apitesting.CreateTest" time="11.561"/>
  <testcase name="createUserWithFutureDateOfBirth" classname="com.apitesting.CreateTest" time="0.741"/>
  <testcase name="createUserWithoutAppId" classname="com.apitesting.CreateTest" time="0.616"/>
  <testcase name="createUserWithInvalidEmailFormat" classname="com.apitesting.CreateTest" time="0.401"/>
  <testcase name="createUserWithRequiredFieldsAndValidEmailFormat" classname="com.apitesting.CreateTest" time="0.441">
    <failure message="1 expectation failed.&#10;Expected status code &lt;200&gt; but was &lt;400&gt;.&#10;" type="java.lang.AssertionError"><![CDATA[java.lang.AssertionError: 
1 expectation failed.
Expected status code <200> but was <400>.

	at com.apitesting.CreateTest.createUserWithRequiredFieldsAndValidEmailFormat(CreateTest.java:69)
]]></failure>
  </testcase>
  <testcase name="createUserWithInvalidGender" classname="com.apitesting.CreateTest" time="0.528"/>
</testsuite>